<?xml version="1.0" encoding="UTF-8"?>
<!-- Generated by org.testng.reporters.JUnitXMLReporter -->
<testsuite ignored="1" hostname="DESKTOP-VRBAL0D" failures="1" tests="10" name="Test2" time="0.096" errors="0" timestamp="2023-01-20T13:17:08 IST">
  <testcase classname="TestNGBasics.InvocationCountDemo" name="tc1" time="0.001"/>
  <testcase classname="TestNGBasics.InvocationCountDemo" name="tc1" time="0.005"/>
  <testcase classname="TestNGBasics.InvocationCountDemo" name="tc1" time="0.001"/>
  <testcase classname="TestNGBasics.InvocationCountDemo" name="tc2" time="0.002"/>
  <testcase classname="TestNGBasics.DependsOn" name="validatLogin" time="0.007"/>
  <testcase classname="TestNGBasics.DependsOn" name="homePage" time="0.002"/>
  <testcase classname="TestNGBasics.DependsOn" name="sendFriendRequest" time="0.005">
    <failure type="java.lang.AssertionError" message="Unable to send Friend Request">
      <![CDATA[java.lang.AssertionError: Unable to send Friend Request
at TestNGBasics.DependsOn.sendFriendRequest(DependsOn.java:21)
at java.base/java.util.ArrayList.forEach(ArrayList.java:1541)
... Removed 28 stack frames]]>
    </failure>
  </testcase> <!-- sendFriendRequest -->
  <testcase classname="TestNGBasics.DependsOn" name="acceptFriendRequest" time="0.0">
    <skipped/>
  </testcase> <!-- acceptFriendRequest -->
  <testcase classname="TestNGBasics.Annotations" name="validateLogin" time="0.001"/>
  <testcase classname="TestNGBasics.Annotations" name="validateTitle" time="0.002"/>
  <testcase classname="TestNGBasics.InvocationCountDemo" name="tc3" time="0.0">
    <ignored/>
  </testcase> <!-- tc3 -->
</testsuite> <!-- Test2 -->
