<?xml version="1.0" encoding="UTF-8"?>
<!-- Generated by org.testng.reporters.JUnitXMLReporter -->
<testsuite ignored="0" hostname="DESKTOP-VRBAL0D" failures="0" tests="13" name="Test1" time="0.185" errors="0" timestamp="2023-01-20T13:17:07 IST">
  <testcase classname="TestNGBasics.PriorityDemo" name="ab" time="0.007"/>
  <testcase classname="TestNGBasics.PriorityDemo" name="Apple" time="0.002"/>
  <testcase classname="TestNGBasics.PriorityDemo" name="ac" time="0.002"/>
  <testcase classname="TestNGBasics.PriorityDemo" name="z1" time="0.002"/>
  <testcase classname="TestNGBasics.PriorityDemo" name="tesla" time="0.002"/>
  <testcase classname="TestNGBasics.XMLReport" name="tc1" time="0.003"/>
  <testcase classname="TestNGBasics.XMLReport" name="tc2" time="0.005"/>
  <testcase classname="TestNGBasics.XMLReport" name="tc3" time="0.002"/>
  <testcase classname="TestNGBasics.GroupsDemo" name="m1" time="0.005"/>
  <testcase classname="TestNGBasics.GroupsDemo" name="m2" time="0.003"/>
  <testcase classname="TestNGBasics.GroupsDemo" name="mobileLogin" time="0.002"/>
  <testcase classname="TestNGBasics.GroupsDemo" name="reports" time="0.002"/>
  <testcase classname="TestNGBasics.GroupsDemo" name="webLogin" time="0.001"/>
</testsuite> <!-- Test1 -->
