<?xml version="1.0" encoding="UTF-8"?>
<testng-results ignored="0" total="1" passed="1" failed="0" skipped="0">
  <reporter-output>
  </reporter-output>
  <suite started-at="2023-02-10T13:31:32 IST" name="Default suite" finished-at="2023-02-10T13:31:36 IST" duration-ms="3630">
    <groups>
    </groups>
    <test started-at="2023-02-10T13:31:32 IST" name="Default test" finished-at="2023-02-10T13:31:36 IST" duration-ms="3630">
      <class name="APITesting.PostAPiTest">
        <test-method signature="postAPITesting()[pri:0, instance:APITesting.PostAPiTest@3ba987b8]" started-at="2023-02-10T13:31:32 IST" name="postAPITesting" finished-at="2023-02-10T13:31:36 IST" duration-ms="3461" status="PASS">
          <reporter-output>
          </reporter-output>
        </test-method> <!-- postAPITesting -->
      </class> <!-- APITesting.PostAPiTest -->
    </test> <!-- Default test -->
  </suite> <!-- Default suite -->
</testng-results>
